<?xml version="1.0" encoding="utf-8" standalone="no"?>
<!--This file represents the results of running a test suite-->
<test-results name="C:\Users\Museum\Documents\Visual Studio 2012\Projects\Demo\ProjectPhanSo.test\bin\Debug\ProjectPhanSo.test.dll" total="3" errors="0" failures="0" not-run="0" inconclusive="0" ignored="0" skipped="0" invalid="0" date="2015-11-15" time="11:41:58">
  <environment nunit-version="2.6.4.14350" clr-version="2.0.50727.4927" os-version="Microsoft Windows NT 6.1.7600.0" platform="Win32NT" cwd="C:\Users\Museum\Downloads\NUnit-2.6.4\NUnit-2.6.4\bin" machine-name="MUSEUM-PC" user="Museum" user-domain="Museum-PC" />
  <culture-info current-culture="en-US" current-uiculture="en-US" />
  <test-suite type="Assembly" name="C:\Users\Museum\Documents\Visual Studio 2012\Projects\Demo\ProjectPhanSo.test\bin\Debug\ProjectPhanSo.test.dll" executed="True" result="Success" success="True" time="0.235" asserts="0">
    <results>
      <test-suite type="Namespace" name="ProjectPhanSo" executed="True" result="Success" success="True" time="0.216" asserts="0">
        <results>
          <test-suite type="Namespace" name="test" executed="True" result="Success" success="True" time="0.215" asserts="0">
            <results>
              <test-suite type="TestFixture" name="PhanSoTest" executed="True" result="Success" success="True" time="0.162" asserts="0">
                <results>
                  <test-case name="ProjectPhanSo.test.PhanSoTest.Test_CongPSDuong" executed="True" result="Success" success="True" time="0.059" asserts="2" />
                  <test-case name="ProjectPhanSo.test.PhanSoTest.TestHamDung2ThamSo" executed="True" result="Success" success="True" time="0.000" asserts="2" />
                  <test-case name="ProjectPhanSo.test.PhanSoTest.TestHamDungMacDinh" executed="True" result="Success" success="True" time="0.000" asserts="2" />
                </results>
              </test-suite>
            </results>
          </test-suite>
        </results>
      </test-suite>
    </results>
  </test-suite>
</test-results>